14:02:31.143 INFO [GridLauncherV3.parse] - Selenium server version: 3.141.59, revision: e82be7d358
14:02:31.197 INFO [GridLauncherV3.lambda$buildLaunchers$3] - Launching a standalone Selenium Server on port 4444
2019-07-11 14:02:31.223:INFO::main: Logging initialized @227ms to org.seleniumhq.jetty9.util.log.StdErrLog
14:02:31.357 INFO [WebDriverServlet.<init>] - Initialising WebDriverServlet
14:02:31.468 INFO [SeleniumServer.boot] - Selenium Server is up and running on port 4444
14:02:31.613 INFO [ActiveSessionFactory.apply] - Capabilities are: {
  "acceptSslCerts": true,
  "browserName": "chrome",
  "chromeOptions": {
    "args": [
      "disable-web-security",
      "ignore-certificate-errors",
      "--test-type"
    ]
  },
  "name": "Bonus Exercise"
}
14:02:31.614 INFO [ActiveSessionFactory.lambda$apply$11] - Matched factory org.openqa.selenium.grid.session.remote.ServicedSession$Factory (provider: org.openqa.selenium.chrome.ChromeDriverService)
Starting ChromeDriver 74.0.3729.6 (255758eccf3d244491b8a1317aa76e1ce10d57e9-refs/branch-heads/3729@{#29}) on port 12761
Only local connections are allowed.
Please protect ports used by ChromeDriver and related test frameworks to prevent access by malicious code.
[1562846552.832][WARNING]: This version of ChromeDriver has not been tested with Chrome version 75.
[1562846554.835][WARNING]: Timed out connecting to Chrome, retrying...
14:02:36.853 INFO [ProtocolHandshake.createSession] - Detected dialect: OSS
14:02:37.019 INFO [RemoteSession$Factory.lambda$performHandshake$0] - Started new session 7277f980636117c12c1842361ad7dec3 (org.openqa.selenium.chrome.ChromeDriverService)
14:02:51.917 INFO [ActiveSessions$1.onStop] - Removing session 7277f980636117c12c1842361ad7dec3 (org.openqa.selenium.chrome.ChromeDriverService)
